# JRE version: OpenJDK Runtime Environment Temurin-17.0.7+7 (17.0.7+7) (build 17.0.7+7)
# Java VM: OpenJDK 64-Bit Server VM Temurin-17.0.7+7 (17.0.7+7, mixed mode, emulated-client, tiered, compressed oops, compressed class ptrs, g1 gc, windows-amd64)
GC Precious Log:
 CPUs: 8 total, 8 available
 Memory: 7995M
 Large Page Support: Disabled
 NUMA Support: Disabled
 Compressed Oops: Enabled (32-bit)
 Heap Region Size: 1M
 Heap Min Capacity: 8M
 Heap Initial Capacity: 126M
 Heap Max Capacity: 1G
 Pre-touch: Disabled
 Parallel Workers: 8
 Concurrent Workers: 2
 Concurrent Refinement Workers: 8
 Periodic GC: Disabled
Heap:
 garbage-first heap   total 58368K, used 18182K [0x00000000c0000000, 0x0000000100000000)
  region size 1024K, 1 young (1024K), 0 survivors (0K)
 Metaspace       used 37224K, committed 37696K, reserved 1114112K
  class space    used 4807K, committed 4992K, reserved 1048576K
GC Heap History (20 events):
Event: 552.807 GC heap before
{Heap before GC invocations=53 (full 44):
 garbage-first heap   total 58368K, used 18182K [0x00000000c0000000, 0x0000000100000000)
  region size 1024K, 1 young (1024K), 0 survivors (0K)
 Metaspace       used 37224K, committed 37696K, reserved 1114112K
  class space    used 4807K, committed 4992K, reserved 1048576K
}
Event: 552.863 GC heap after
{Heap after GC invocations=54 (full 45):
 garbage-first heap   total 58368K, used 18182K [0x00000000c0000000, 0x0000000100000000)
  region size 1024K, 0 young (0K), 0 survivors (0K)
 Metaspace       used 37224K, committed 37696K, reserved 1114112K
  class space    used 4807K, committed 4992K, reserved 1048576K
}
Event: 563.615 GC heap before
{Heap before GC invocations=54 (full 45):
 garbage-first heap   total 58368K, used 18182K [0x00000000c0000000, 0x0000000100000000)
  region size 1024K, 1 young (1024K), 0 survivors (0K)
 Metaspace       used 37224K, committed 37696K, reserved 1114112K
  class space    used 4807K, committed 4992K, reserved 1048576K
}
Event: 563.656 GC heap after
{Heap after GC invocations=55 (full 46):
 garbage-first heap   total 58368K, used 18182K [0x00000000c0000000, 0x0000000100000000)
  region size 1024K, 0 young (0K), 0 survivors (0K)
 Metaspace       used 37224K, committed 37696K, reserved 1114112K
  class space    used 4807K, committed 4992K, reserved 1048576K
}
Event: 573.999 GC heap before
{Heap before GC invocations=55 (full 46):
 garbage-first heap   total 58368K, used 18182K [0x00000000c0000000, 0x0000000100000000)
  region size 1024K, 1 young (1024K), 0 survivors (0K)
 Metaspace       used 37224K, committed 37696K, reserved 1114112K
  class space    used 4807K, committed 4992K, reserved 1048576K
}
Event: 574.037 GC heap after
{Heap after GC invocations=56 (full 47):
 garbage-first heap   total 58368K, used 18182K [0x00000000c0000000, 0x0000000100000000)
  region size 1024K, 0 young (0K), 0 survivors (0K)
 Metaspace       used 37224K, committed 37696K, reserved 1114112K
  class space    used 4807K, committed 4992K, reserved 1048576K
}
Event: 585.272 GC heap before
{Heap before GC invocations=56 (full 47):
 garbage-first heap   total 58368K, used 18182K [0x00000000c0000000, 0x0000000100000000)
  region size 1024K, 1 young (1024K), 0 survivors (0K)
 Metaspace       used 37224K, committed 37696K, reserved 1114112K
  class space    used 4807K, committed 4992K, reserved 1048576K
}
Event: 585.312 GC heap after
{Heap after GC invocations=57 (full 48):
 garbage-first heap   total 58368K, used 18182K [0x00000000c0000000, 0x0000000100000000)
  region size 1024K, 0 young (0K), 0 survivors (0K)
 Metaspace       used 37224K, committed 37696K, reserved 1114112K
  class space    used 4807K, committed 4992K, reserved 1048576K
}
Event: 597.734 GC heap before
{Heap before GC invocations=57 (full 48):
 garbage-first heap   total 58368K, used 18182K [0x00000000c0000000, 0x0000000100000000)
  region size 1024K, 1 young (1024K), 0 survivors (0K)
 Metaspace       used 37224K, committed 37696K, reserved 1114112K
  class space    used 4807K, committed 4992K, reserved 1048576K
}
Event: 597.773 GC heap after
{Heap after GC invocations=58 (full 49):
 garbage-first heap   total 58368K, used 18212K [0x00000000c0000000, 0x0000000100000000)
  region size 1024K, 0 young (0K), 0 survivors (0K)
 Metaspace       used 37224K, committed 37696K, reserved 1114112K
  class space    used 4807K, committed 4992K, reserved 1048576K
}
Event: 608.315 GC heap before
{Heap before GC invocations=58 (full 49):
 garbage-first heap   total 58368K, used 18212K [0x00000000c0000000, 0x0000000100000000)
  region size 1024K, 1 young (1024K), 0 survivors (0K)
 Metaspace       used 37224K, committed 37696K, reserved 1114112K
  class space    used 4807K, committed 4992K, reserved 1048576K
}
Event: 608.352 GC heap after
{Heap after GC invocations=59 (full 50):
 garbage-first heap   total 58368K, used 18212K [0x00000000c0000000, 0x0000000100000000)
  region size 1024K, 0 young (0K), 0 survivors (0K)
 Metaspace       used 37224K, committed 37696K, reserved 1114112K
  class space    used 4807K, committed 4992K, reserved 1048576K
}
Event: 619.005 GC heap before
{Heap before GC invocations=59 (full 50):
 garbage-first heap   total 58368K, used 18212K [0x00000000c0000000, 0x0000000100000000)
  region size 1024K, 1 young (1024K), 0 survivors (0K)
 Metaspace       used 37224K, committed 37696K, reserved 1114112K
  class space    used 4807K, committed 4992K, reserved 1048576K
}
Event: 619.043 GC heap after
{Heap after GC invocations=60 (full 51):
 garbage-first heap   total 58368K, used 18212K [0x00000000c0000000, 0x0000000100000000)
  region size 1024K, 0 young (0K), 0 survivors (0K)
 Metaspace       used 37224K, committed 37696K, reserved 1114112K
  class space    used 4807K, committed 4992K, reserved 1048576K
}
Event: 629.591 GC heap before
{Heap before GC invocations=60 (full 51):
 garbage-first heap   total 58368K, used 18212K [0x00000000c0000000, 0x0000000100000000)
  region size 1024K, 1 young (1024K), 0 survivors (0K)
 Metaspace       used 37224K, committed 37696K, reserved 1114112K
  class space    used 4807K, committed 4992K, reserved 1048576K
}
Event: 629.630 GC heap after
{Heap after GC invocations=61 (full 52):
 garbage-first heap   total 58368K, used 18212K [0x00000000c0000000, 0x0000000100000000)
  region size 1024K, 0 young (0K), 0 survivors (0K)
 Metaspace       used 37224K, committed 37696K, reserved 1114112K
  class space    used 4807K, committed 4992K, reserved 1048576K
}
Event: 639.857 GC heap before
{Heap before GC invocations=61 (full 52):
 garbage-first heap   total 58368K, used 18212K [0x00000000c0000000, 0x0000000100000000)
  region size 1024K, 1 young (1024K), 0 survivors (0K)
 Metaspace       used 37224K, committed 37696K, reserved 1114112K
  class space    used 4807K, committed 4992K, reserved 1048576K
}
Event: 639.890 GC heap after
{Heap after GC invocations=62 (full 53):
 garbage-first heap   total 58368K, used 18182K [0x00000000c0000000, 0x0000000100000000)
  region size 1024K, 0 young (0K), 0 survivors (0K)
 Metaspace       used 37224K, committed 37696K, reserved 1114112K
  class space    used 4807K, committed 4992K, reserved 1048576K
}
Event: 650.286 GC heap before
{Heap before GC invocations=62 (full 53):
 garbage-first heap   total 58368K, used 18182K [0x00000000c0000000, 0x0000000100000000)
  region size 1024K, 1 young (1024K), 0 survivors (0K)
 Metaspace       used 37224K, committed 37696K, reserved 1114112K
  class space    used 4807K, committed 4992K, reserved 1048576K
}
Event: 650.322 GC heap after
{Heap after GC invocations=63 (full 54):
 garbage-first heap   total 58368K, used 18182K [0x00000000c0000000, 0x0000000100000000)
  region size 1024K, 0 young (0K), 0 survivors (0K)
 Metaspace       used 37224K, committed 37696K, reserved 1114112K
  class space    used 4807K, committed 4992K, reserved 1048576K
}

